[    0.000000] Initializing cgroup subsys cpuset
[    0.000000] Initializing cgroup subsys cpu
[    0.000000] Initializing cgroup subsys cpuacct
[    0.000000] Linux version 4.4.0-97-generic (buildd@lcy01-33) (gcc version 5.4.0 20160609 (Ubuntu 5.4.0-6ubuntu1~16.04.4) ) #120-Ubuntu SMP Tue Sep 19 17:28:18 UTC 2017 (Ubuntu 4.4.0-97.120-generic 4.4.87)
[    0.000000] Command line: BOOT_IMAGE=/boot/vmlinuz-4.4.0-97-generic root=LABEL=cloudimg-rootfs ro console=tty1 console=ttyS0
[    0.000000] KERNEL supported cpus:
[    0.000000]   Intel GenuineIntel
[    0.000000]   AMD AuthenticAMD
[    0.000000]   Centaur CentaurHauls
[    0.000000] x86/fpu: xstate_offset[2]:  576, xstate_sizes[2]:  256
[    0.000000] x86/fpu: Supporting XSAVE feature 0x01: 'x87 floating point registers'
[    0.000000] x86/fpu: Supporting XSAVE feature 0x02: 'SSE registers'
[    0.000000] x86/fpu: Supporting XSAVE feature 0x04: 'AVX registers'
[    0.000000] x86/fpu: Enabled xstate features 0x7, context size is 832 bytes, using 'standard' format.
[    0.000000] x86/fpu: Using 'lazy' FPU context switches.
[    0.000000] e820: BIOS-provided physical RAM map:
[    0.000000] BIOS-e820: [mem 0x0000000000000000-0x000000000009fbff] usable
[    0.000000] BIOS-e820: [mem 0x000000000009fc00-0x000000000009ffff] reserved
[    0.000000] BIOS-e820: [mem 0x00000000000f0000-0x00000000000fffff] reserved
[    0.000000] BIOS-e820: [mem 0x0000000000100000-0x000000003ffeffff] usable
[    0.000000] BIOS-e820: [mem 0x000000003fff0000-0x000000003fffffff] ACPI data
[    0.000000] BIOS-e820: [mem 0x00000000fec00000-0x00000000fec00fff] reserved
[    0.000000] BIOS-e820: [mem 0x00000000fee00000-0x00000000fee00fff] reserved
[    0.000000] BIOS-e820: [mem 0x00000000fffc0000-0x00000000ffffffff] reserved
[    0.000000] NX (Execute Disable) protection: active
[    0.000000] SMBIOS 2.5 present.
[    0.000000] Hypervisor detected: KVM
[    0.000000] e820: last_pfn = 0x3fff0 max_arch_pfn = 0x400000000
[    0.000000] MTRR: Disabled
[    0.000000] x86/PAT: MTRRs disabled, skipping PAT initialization too.
[    0.000000] CPU MTRRs all blank - virtualized system.
[    0.000000] x86/PAT: Configuration [0-7]: WB  WT  UC- UC  WB  WT  UC- UC  
[    0.000000] found SMP MP-table at [mem 0x0009fff0-0x0009ffff] mapped at [ffff88000009fff0]
[    0.000000] Scanning 1 areas for low memory corruption
[    0.000000] RAMDISK: [mem 0x36adc000-0x37565fff]
[    0.000000] ACPI: Early table checksum verification disabled
[    0.000000] ACPI: RSDP 0x00000000000E0000 000024 (v02 VBOX  )
[    0.000000] ACPI: XSDT 0x000000003FFF0030 00003C (v01 VBOX   VBOXXSDT 00000001 ASL  00000061)
[    0.000000] ACPI: FACP 0x000000003FFF00F0 0000F4 (v04 VBOX   VBOXFACP 00000001 ASL  00000061)
[    0.000000] ACPI: DSDT 0x000000003FFF0470 0021FF (v02 VBOX   VBOXBIOS 00000002 INTL 20100528)
[    0.000000] ACPI: FACS 0x000000003FFF0200 000040
[    0.000000] ACPI: FACS 0x000000003FFF0200 000040
[    0.000000] ACPI: APIC 0x000000003FFF0240 00005C (v02 VBOX   VBOXAPIC 00000001 ASL  00000061)
[    0.000000] ACPI: SSDT 0x000000003FFF02A0 0001CC (v01 VBOX   VBOXCPUT 00000002 INTL 20100528)
[    0.000000] No NUMA configuration found
[    0.000000] Faking a node at [mem 0x0000000000000000-0x000000003ffeffff]
[    0.000000] NODE_DATA(0) allocated [mem 0x3ffeb000-0x3ffeffff]
[    0.000000] kvm-clock: Using msrs 4b564d01 and 4b564d00
[    0.000000] kvm-clock: cpu 0, msr 0:3ffe3001, primary cpu clock
[    0.000000] kvm-clock: using sched offset of 3195930766 cycles
[    0.000000] clocksource: kvm-clock: mask: 0xffffffffffffffff max_cycles: 0x1cd42e4dffb, max_idle_ns: 881590591483 ns
[    0.000000] Zone ranges:
[    0.000000]   DMA      [mem 0x0000000000001000-0x0000000000ffffff]
[    0.000000]   DMA32    [mem 0x0000000001000000-0x000000003ffeffff]
[    0.000000]   Normal   empty
[    0.000000]   Device   empty
[    0.000000] Movable zone start for each node
[    0.000000] Early memory node ranges
[    0.000000]   node   0: [mem 0x0000000000001000-0x000000000009efff]
[    0.000000]   node   0: [mem 0x0000000000100000-0x000000003ffeffff]
[    0.000000] Initmem setup node 0 [mem 0x0000000000001000-0x000000003ffeffff]
[    0.000000] ACPI: PM-Timer IO Port: 0x4008
[    0.000000] IOAPIC[0]: apic_id 2, version 32, address 0xfec00000, GSI 0-23
[    0.000000] ACPI: INT_SRC_OVR (bus 0 bus_irq 0 global_irq 2 dfl dfl)
[    0.000000] ACPI: INT_SRC_OVR (bus 0 bus_irq 9 global_irq 9 high level)
[    0.000000] Using ACPI (MADT) for SMP configuration information
[    0.000000] smpboot: Allowing 2 CPUs, 0 hotplug CPUs
[    0.000000] PM: Registered nosave memory: [mem 0x00000000-0x00000fff]
[    0.000000] PM: Registered nosave memory: [mem 0x0009f000-0x0009ffff]
[    0.000000] PM: Registered nosave memory: [mem 0x000a0000-0x000effff]
[    0.000000] PM: Registered nosave memory: [mem 0x000f0000-0x000fffff]
[    0.000000] e820: [mem 0x40000000-0xfebfffff] available for PCI devices
[    0.000000] Booting paravirtualized kernel on KVM
[    0.000000] clocksource: refined-jiffies: mask: 0xffffffff max_cycles: 0xffffffff, max_idle_ns: 7645519600211568 ns
[    0.000000] setup_percpu: NR_CPUS:512 nr_cpumask_bits:512 nr_cpu_ids:2 nr_node_ids:1
[    0.000000] PERCPU: Embedded 34 pages/cpu @ffff88003fc00000 s98328 r8192 d32744 u1048576
[    0.000000] PV qspinlock hash table entries: 256 (order: 0, 4096 bytes)
[    0.000000] Built 1 zonelists in Node order, mobility grouping on.  Total pages: 257913
[    0.000000] Policy zone: DMA32
[    0.000000] Kernel command line: BOOT_IMAGE=/boot/vmlinuz-4.4.0-97-generic root=LABEL=cloudimg-rootfs ro console=tty1 console=ttyS0
[    0.000000] PID hash table entries: 4096 (order: 3, 32768 bytes)
[    0.000000] Memory: 1001772K/1048120K available (8480K kernel code, 1294K rwdata, 3984K rodata, 1492K init, 1316K bss, 46348K reserved, 0K cma-reserved)
[    0.000000] SLUB: HWalign=64, Order=0-3, MinObjects=0, CPUs=2, Nodes=1
[    0.000000] Hierarchical RCU implementation.
[    0.000000] 	Build-time adjustment of leaf fanout to 64.
[    0.000000] 	RCU restricting CPUs from NR_CPUS=512 to nr_cpu_ids=2.
[    0.000000] RCU: Adjusting geometry for rcu_fanout_leaf=64, nr_cpu_ids=2
[    0.000000] NR_IRQS:33024 nr_irqs:440 16
[    0.000000] Console: colour VGA+ 80x25
[    0.000000] console [tty1] enabled
[    0.000000] console [ttyS0] enabled
[    0.000000] tsc: Detected 1599.999 MHz processor
[    3.350969] Calibrating delay loop (skipped) preset value.. 3199.99 BogoMIPS (lpj=6399996)
[    3.384009] pid_max: default: 32768 minimum: 301
[    3.399330] ACPI: Core revision 20150930
[    3.409012] ACPI: 2 ACPI AML tables successfully acquired and loaded
[    3.424051] Security Framework initialized
[    3.425153] Yama: becoming mindful.
[    3.426215] AppArmor: AppArmor initialized
[    3.440293] Dentry cache hash table entries: 131072 (order: 8, 1048576 bytes)
[    3.476377] Inode-cache hash table entries: 65536 (order: 7, 524288 bytes)
[    3.515646] Mount-cache hash table entries: 2048 (order: 2, 16384 bytes)
[    3.528736] Mountpoint-cache hash table entries: 2048 (order: 2, 16384 bytes)
[    3.561884] Initializing cgroup subsys io
[    3.612646] Initializing cgroup subsys memory
[    3.640599] Initializing cgroup subsys devices
[    3.641860] Initializing cgroup subsys freezer
[    3.643108] Initializing cgroup subsys net_cls
[    3.644463] Initializing cgroup subsys perf_event
[    3.645793] Initializing cgroup subsys net_prio
[    3.647456] Initializing cgroup subsys hugetlb
[    3.658008] Initializing cgroup subsys pids
[    3.682086] CPU: Physical Processor ID: 0
[    3.729106] CPU: Processor Core ID: 0
[    3.785843] mce: CPU supports 0 MCE banks
[    3.793671] Last level iTLB entries: 4KB 64, 2MB 8, 4MB 8
[    3.819252] Last level dTLB entries: 4KB 64, 2MB 0, 4MB 0, 1GB 4
[    3.857676] Freeing SMP alternatives memory: 32K
[    3.878852] ftrace: allocating 32148 entries in 126 pages
[    3.968349] smpboot: APIC(0) Converting physical 0 to logical package 0
[    4.042851] smpboot: Max logical packages: 1
[    4.085944] x2apic enabled
[    4.112823] Switched APIC routing to physical x2apic.
[    4.142289] ..TIMER: vector=0x30 apic1=0 pin1=2 apic2=-1 pin2=-1
[    4.300626] smpboot: CPU0: Intel(R) Core(TM) i5-5250U CPU @ 1.60GHz (family: 0x6, model: 0x3d, stepping: 0x4)
[    4.364240] Performance Events: unsupported p6 CPU model 61 no PMU driver, software events only.
[    4.426089] KVM setup paravirtual spinlock
[    4.467514] x86: Booting SMP configuration:
[    4.487271] .... node  #0, CPUs:      #1
[    4.500340] kvm-clock: cpu 1, msr 0:3ffe3041, secondary cpu clock
[    4.506605] mce: CPU supports 0 MCE banks
[    4.509421] x86: Booted up 1 node, 2 CPUs
[    4.520533] smpboot: Total of 2 processors activated (6399.99 BogoMIPS)
[    4.583386] devtmpfs: initialized
[    4.618895] evm: security.selinux
[    4.660479] evm: security.SMACK64
[    4.671069] evm: security.SMACK64EXEC
[    4.702942] evm: security.SMACK64TRANSMUTE
[    4.740286] evm: security.SMACK64MMAP
[    4.754062] evm: security.ima
[    4.779780] evm: security.capability
[    4.786664] clocksource: jiffies: mask: 0xffffffff max_cycles: 0xffffffff, max_idle_ns: 7645041785100000 ns
[    4.893434] futex hash table entries: 512 (order: 3, 32768 bytes)
[    4.941578] pinctrl core: initialized pinctrl subsystem
[    4.989423] RTC time: 13:56:20, date: 10/18/17
[    5.021182] NET: Registered protocol family 16
[    5.060623] cpuidle: using governor ladder
[    5.085091] cpuidle: using governor menu
[    5.113575] PCCT header not found.
[    5.115893] ACPI: bus type PCI registered
[    5.129338] acpiphp: ACPI Hot Plug PCI Controller Driver version: 0.5
[    5.171835] PCI: Using configuration type 1 for base access
[    5.202942] ACPI: Added _OSI(Module Device)
[    5.239255] ACPI: Added _OSI(Processor Device)
[    5.240489] ACPI: Added _OSI(3.0 _SCP Extensions)
[    5.241746] ACPI: Added _OSI(Processor Aggregator Device)
[    5.243915] ACPI: Executed 1 blocks of module-level executable AML code
[    5.296146] ACPI: Interpreter enabled
[    5.339746] ACPI: (supports S0 S5)
[    5.367743] ACPI: Using IOAPIC for interrupt routing
[    5.381829] PCI: Using host bridge windows from ACPI; if necessary, use "pci=nocrs" and report a bug
[    5.473490] ACPI: PCI Root Bridge [PCI0] (domain 0000 [bus 00-ff])
[    5.532586] acpi PNP0A03:00: _OSC: OS supports [ASPM ClockPM Segments MSI]
[    5.578924] acpi PNP0A03:00: _OSC: not requesting OS control; OS requires [ExtendedConfig ASPM ClockPM MSI]
[    5.581361] acpi PNP0A03:00: fail to add MMCONFIG information, can't access extended PCI configuration space under this bridge.
[    5.701489] PCI host bridge to bus 0000:00
[    5.741345] pci_bus 0000:00: root bus resource [io  0x0000-0x0cf7 window]
[    5.784218] pci_bus 0000:00: root bus resource [io  0x0d00-0xffff window]
[    5.819898] pci_bus 0000:00: root bus resource [mem 0x000a0000-0x000bffff window]
[    5.886951] pci_bus 0000:00: root bus resource [mem 0x40000000-0xffdfffff window]
[    5.936895] pci_bus 0000:00: root bus resource [bus 00-ff]
[    5.972959] pci 0000:00:01.1: legacy IDE quirk: reg 0x10: [io  0x01f0-0x01f7]
[    6.054405] pci 0000:00:01.1: legacy IDE quirk: reg 0x14: [io  0x03f6]
[    6.113157] pci 0000:00:01.1: legacy IDE quirk: reg 0x18: [io  0x0170-0x0177]
[    6.148834] pci 0000:00:01.1: legacy IDE quirk: reg 0x1c: [io  0x0376]
[    6.240610] pci 0000:00:07.0: quirk: [io  0x4000-0x403f] claimed by PIIX4 ACPI
[    6.305629] pci 0000:00:07.0: quirk: [io  0x4100-0x410f] claimed by PIIX4 SMB
[    6.365401] ACPI: PCI Interrupt Link [LNKA] (IRQs 5 9 10 *11)
[    6.422497] ACPI: PCI Interrupt Link [LNKB] (IRQs 5 9 10 *11)
[    6.463484] ACPI: PCI Interrupt Link [LNKC] (IRQs 5 9 *10 11)
[    6.512899] ACPI: PCI Interrupt Link [LNKD] (IRQs 5 *9 10 11)
[    6.531980] ACPI: Enabled 2 GPEs in block 00 to 07
[    6.572429] vgaarb: setting as boot device: PCI:0000:00:02.0
[    6.626972] vgaarb: device added: PCI:0000:00:02.0,decodes=io+mem,owns=io+mem,locks=none
[    6.638106] vgaarb: loaded
[    6.651816] vgaarb: bridge control possible 0000:00:02.0
[    6.667583] SCSI subsystem initialized
[    6.705014] ACPI: bus type USB registered
[    6.729381] usbcore: registered new interface driver usbfs
[    6.765764] usbcore: registered new interface driver hub
[    6.813919] usbcore: registered new device driver usb
[    6.838578] PCI: Using ACPI for IRQ routing
[    6.853672] NetLabel: Initializing
[    6.867694] NetLabel:  domain hash size = 128
[    6.884364] NetLabel:  protocols = UNLABELED CIPSOv4
[    6.885653] NetLabel:  unlabeled traffic allowed by default
[    6.908684] amd_nb: Cannot enumerate AMD northbridges
[    6.953647] clocksource: Switched to clocksource kvm-clock
[    6.964859] AppArmor: AppArmor Filesystem Enabled
[    7.036122] pnp: PnP ACPI init
[    7.075063] pnp: PnP ACPI: found 3 devices
[    7.159175] clocksource: acpi_pm: mask: 0xffffff max_cycles: 0xffffff, max_idle_ns: 2085701024 ns
[    7.260276] NET: Registered protocol family 2
[    7.261719] TCP established hash table entries: 8192 (order: 4, 65536 bytes)
[    7.354486] TCP bind hash table entries: 8192 (order: 5, 131072 bytes)
[    7.440384] TCP: Hash tables configured (established 8192 bind 8192)
[    7.579216] UDP hash table entries: 512 (order: 2, 16384 bytes)
[    7.603205] UDP-Lite hash table entries: 512 (order: 2, 16384 bytes)
[    7.702149] NET: Registered protocol family 1
[    7.795207] pci 0000:00:00.0: Limiting direct PCI/PCI transfers
[    7.889277] pci 0000:00:01.0: Activating ISA DMA hang workarounds
[    7.986555] Unpacking initramfs...
[   10.304852] Freeing initrd memory: 10792K
[   10.379320] RAPL PMU detected, API unit is 2^-32 Joules, 4 fixed counters 10737418240 ms ovfl timer
[   10.449373] hw unit of domain pp0-core 2^-0 Joules
[   10.528511] hw unit of domain package 2^-0 Joules
[   10.596060] hw unit of domain dram 2^-0 Joules
[   10.641196] hw unit of domain pp1-gpu 2^-0 Joules
[   10.677018] platform rtc_cmos: registered platform RTC device (no PNP device found)
[   10.716825] Scanning for low memory corruption every 60 seconds
[   10.785915] audit: initializing netlink subsys (disabled)
[   10.846431] audit: type=2000 audit(1508334984.227:1): initialized
[   10.886855] Initialise system trusted keyring
[   10.934331] HugeTLB registered 2 MB page size, pre-allocated 0 pages
[   10.970005] zbud: loaded
[   10.981377] VFS: Disk quotas dquot_6.6.0
[   11.031126] VFS: Dquot-cache hash table entries: 512 (order 0, 4096 bytes)
[   11.084628] squashfs: version 4.0 (2009/01/31) Phillip Lougher
[   11.153900] fuse init (API version 7.23)
[   11.180353] Key type big_key registered
[   11.218999] Allocating IMA MOK and blacklist keyrings.
[   11.285626] Key type asymmetric registered
[   11.311911] Asymmetric key parser 'x509' registered
[   11.367613] Block layer SCSI generic (bsg) driver version 0.4 loaded (major 249)
[   11.465781] io scheduler noop registered
[   11.484828] io scheduler deadline registered (default)
[   11.518925] io scheduler cfq registered
[   11.567675] pci_hotplug: PCI Hot Plug PCI Core version: 0.5
[   11.571565] pciehp: PCI Express Hot Plug Controller Driver version: 0.4
[   11.637890] ACPI: AC Adapter [AC] (off-line)
[   11.654948] input: Power Button as /devices/LNXSYSTM:00/LNXPWRBN:00/input/input0
[   11.671830] ACPI: Power Button [PWRF]
[   11.674002] tsc: Refined TSC clocksource calibration: 1599.278 MHz
[   11.674005] clocksource: tsc: mask: 0xffffffffffffffff max_cycles: 0x170d7adfe3b, max_idle_ns: 440795231048 ns
[   11.723272] input: Sleep Button as /devices/LNXSYSTM:00/LNXSLPBN:00/input/input1
[   11.808510] ACPI: Sleep Button [SLPF]
[   11.820574] ACPI: Battery Slot [BAT0] (battery present)
[   11.838311] GHES: HEST is not enabled!
[   11.877989] Serial: 8250/16550 driver, 32 ports, IRQ sharing enabled
[   11.992702] 00:02: ttyS0 at I/O 0x3f8 (irq = 4, base_baud = 115200) is a 16550A
[   12.048170] Linux agpgart interface v0.103
[   12.084127] loop: module loaded
[   12.112103] scsi host0: ata_piix
[   12.170409] scsi host1: ata_piix
[   12.219419] ata1: PATA max UDMA/33 cmd 0x1f0 ctl 0x3f6 bmdma 0xd000 irq 14
[   12.284782] ata2: PATA max UDMA/33 cmd 0x170 ctl 0x376 bmdma 0xd008 irq 15
[   12.372213] libphy: Fixed MDIO Bus: probed
[   12.432720] tun: Universal TUN/TAP device driver, 1.6
[   12.472858] tun: (C) 1999-2004 Max Krasnyansky <maxk@qualcomm.com>
[   12.484899] PPP generic driver version 2.4.2
[   12.489362] ehci_hcd: USB 2.0 'Enhanced' Host Controller (EHCI) Driver
[   12.568771] ehci-pci: EHCI PCI platform driver
[   12.600006] ehci-platform: EHCI generic platform driver
[   12.601481] ohci_hcd: USB 1.1 'Open' Host Controller (OHCI) Driver
[   12.616623] ohci-pci: OHCI PCI platform driver
[   12.620687] ohci-platform: OHCI generic platform driver
[   12.622191] uhci_hcd: USB Universal Host Controller Interface driver
[   12.628524] i8042: PNP: PS/2 Controller [PNP0303:PS2K,PNP0f03:PS2M] at 0x60,0x64 irq 1,12
[   12.648297] serio: i8042 KBD port at 0x60,0x64 irq 1
[   12.658242] serio: i8042 AUX port at 0x60,0x64 irq 12
[   12.676020] mousedev: PS/2 mouse device common for all mice
[   12.709030] input: AT Translated Set 2 keyboard as /devices/platform/i8042/serio0/input/input2
[   12.716604] rtc_cmos rtc_cmos: rtc core: registered rtc_cmos as rtc0
[   12.716712] rtc_cmos rtc_cmos: alarms up to one day, 114 bytes nvram
[   12.716728] i2c /dev entries driver
[   12.717395] device-mapper: uevent: version 1.0.3
[   12.717531] device-mapper: ioctl: 4.34.0-ioctl (2015-10-28) initialised: dm-devel@redhat.com
[   12.717960] ledtrig-cpu: registered to indicate activity on CPUs
[   12.762374] NET: Registered protocol family 10
[   12.762633] NET: Registered protocol family 17
[   12.762648] Key type dns_resolver registered
[   12.883365] microcode: CPU0 sig=0x306d4, pf=0x40, revision=0x0
[   12.883409] microcode: CPU1 sig=0x306d4, pf=0x40, revision=0x0
[   12.884197] microcode: Microcode Update Driver: v2.01 <tigran@aivazian.fsnet.co.uk>, Peter Oruba
[   12.884408] registered taskstats version 1
[   12.884430] Loading compiled-in X.509 certificates
[   12.885409] Loaded X.509 cert 'Build time autogenerated kernel key: d1010f9627fd9242df4b03365d2931dfd1ad3d42'
[   12.885442] zswap: loaded using pool lzo/zbud
[   12.887733] Key type trusted registered
[   12.890409] Key type encrypted registered
[   12.890416] AppArmor: AppArmor sha1 policy hashing enabled
[   12.890419] ima: No TPM chip found, activating TPM-bypass!
[   12.890438] evm: HMAC attrs: 0x1
[   12.890851]   Magic number: 5:646:938
[   12.917455] rtc_cmos rtc_cmos: setting system clock to 2017-10-18 13:56:28 UTC (1508334988)
[   12.917570] BIOS EDD facility v0.16 2004-Jun-25, 0 devices found
[   12.917571] EDD information not available.
[   13.176882] Freeing unused kernel memory: 1492K
[   13.179668] Write protecting the kernel read-only data: 14336k
[   13.181749] Freeing unused kernel memory: 1748K
[   13.186454] Freeing unused kernel memory: 112K
Loading, please wait...
starting version[   13.237102] random: systemd-udevd: uninitialized urandom read (16 bytes read, 3 bits of entropy available)
 229
[   13.237977] random: udevadm: uninitialized urandom read (16 bytes read, 3 bits of entropy available)
[   13.238016] random: udevadm: uninitialized urandom read (16 bytes read, 3 bits of entropy available)
[   13.238147] random: udevadm: uninitialized urandom read (16 bytes read, 3 bits of entropy available)
[   13.238192] random: udevadm: uninitialized urandom read (16 bytes read, 3 bits of entropy available)
[   13.238233] random: udevadm: uninitialized urandom read (16 bytes read, 3 bits of entropy available)
[   13.238275] random: udevadm: uninitialized urandom read (16 bytes read, 3 bits of entropy available)
[   13.238313] random: udevadm: uninitialized urandom read (16 bytes read, 3 bits of entropy available)
[   13.238353] random: udevadm: uninitialized urandom read (16 bytes read, 3 bits of entropy available)
[   13.238392] random: udevadm: uninitialized urandom read (16 bytes read, 3 bits of entropy available)
[   13.520100] e1000: Intel(R) PRO/1000 Network Driver - version 7.3.21-k8-NAPI
[   13.538964] e1000: Copyright (c) 1999-2006 Intel Corporation.
[   13.549063] Fusion MPT base driver 3.04.20
[   13.570434] Copyright (c) 1999-2008 LSI Corporation
[   13.608951] AVX version of gcm_enc/dec engaged.
[   13.618844] AES CTR mode by8 optimization enabled
[   13.635211] Fusion MPT SPI Host driver 3.04.20
[   13.781538] input: ImExPS/2 Generic Explorer Mouse as /devices/platform/i8042/serio1/input/input4
[   13.947919] e1000 0000:00:03.0 eth0: (PCI:33MHz:32-bit) 02:14:68:3e:84:47
[   14.003037] e1000 0000:00:03.0 eth0: Intel(R) PRO/1000 Network Connection
[   14.009790] mptbase: ioc0: Initiating bringup
[   14.078631] ioc0: LSI53C1030 A0: Capabilities={Initiator}
[   14.257516] scsi host2: ioc0: LSI53C1030 A0, FwRev=00000000h, Ports=1, MaxQ=256, IRQ=20
[   14.415055] scsi 2:0:0:0: Direct-Access     VBOX     HARDDISK         1.0  PQ: 0 ANSI: 5
[   14.450683] scsi target2:0:0: Beginning Domain Validation
[   14.459881] scsi target2:0:0: Domain Validation skipping write tests
[   14.461748] scsi target2:0:0: Ending Domain Validation
[   14.463411] scsi target2:0:0: asynchronous
[   14.465953] scsi 2:0:1:0: Direct-Access     VBOX     HARDDISK         1.0  PQ: 0 ANSI: 5
[   14.486737] scsi target2:0:1: Beginning Domain Validation
[   14.491473] scsi target2:0:1: Domain Validation skipping write tests
[   14.496204] scsi target2:0:1: Ending Domain Validation
[   14.509453] scsi target2:0:1: asynchronous
[   14.522813] sd 2:0:0:0: Attached scsi generic sg0 type 0
[   14.527937] sd 2:0:1:0: Attached scsi generic sg1 type 0
[   14.528958] sd 2:0:0:0: [sda] 20971520 512-byte logical blocks: (10.7 GB/10.0 GiB)
[   14.533220] sd 2:0:0:0: [sda] Write Protect is off
[   14.535943] sd 2:0:1:0: [sdb] 20480 512-byte logical blocks: (10.5 MB/10.0 MiB)
[   14.540656] sd 2:0:0:0: [sda] Incomplete mode parameter data
[   14.545187] sd 2:0:0:0: [sda] Assuming drive cache: write through
[   14.547235] sd 2:0:1:0: [sdb] Write Protect is off
[   14.553248] sd 2:0:1:0: [sdb] Incomplete mode parameter data
[   14.556007] sd 2:0:1:0: [sdb] Assuming drive cache: write through
[   14.562545]  sda: sda1
[   14.568734] sd 2:0:0:0: [sda] Attached SCSI disk
[   14.572363] sd 2:0:1:0: [sdb] Attached SCSI disk
[   14.811404] e1000 0000:00:08.0 eth1: (PCI:33MHz:32-bit) 08:00:27:72:10:20
[   14.879750] e1000 0000:00:08.0 eth1: Intel(R) PRO/1000 Network Connection
[   14.909000] e1000 0000:00:03.0 enp0s3: renamed from eth0
[   14.986094] e1000 0000:00:08.0 enp0s8: renamed from eth1
[   16.551733] floppy0: no floppy controllers found
Begin: Loading e[   17.993836] md: linear personality registered for level -1
ssential drivers[   18.089300] md: multipath personality registered for level -4
 ... [   18.171244] md: raid0 personality registered for level 0
[   18.217658] md: raid1 personality registered for level 1
[   18.358098] raid6: sse2x1   gen()  7232 MB/s
[   18.445730] raid6: sse2x1   xor()  4099 MB/s
[   18.569728] raid6: sse2x2   gen()  8638 MB/s
[   18.673870] raid6: sse2x2   xor()  5970 MB/s
[   18.777822] raid6: sse2x4   gen() 10387 MB/s
[   18.894034] raid6: sse2x4   xor()  7719 MB/s
[   18.907209] raid6: using algorithm sse2x4 gen() 10387 MB/s
[   18.923036] raid6: .... xor() 7719 MB/s, rmw enabled
[   18.924322] raid6: using ssse3x2 recovery algorithm
[   18.926829] xor: automatically using best checksumming function:
[   19.005865]    avx       : 21648.000 MB/sec
[   19.053474] async_tx: api initialized (async)
[   19.091305] md: raid6 personality registered for level 6
[   19.116981] md: raid5 personality registered for level 5
[   19.168633] md: raid4 personality registered for level 4
[   19.209409] md: raid10 personality registered for level 10
done.
Begin: Running /scripts/init-premount ... done.
Begin: Mounti[   19.284304] Btrfs loaded
ng root file system ... Begin: Running /scripts/local-top ... done.
Begin: Running /scripts/local-premount ... [   19.375751] EXT4-fs (sda1): mounted filesystem with ordered data mode. Opts: (null)
Scanning for Btrfs filesystems
done.
Warning: fsck not present, so skipping root file system
done.
Begin: Running /scripts/local-bottom ... done.
Begin: Running /scripts/init-bottom ... done.
[   19.494178] systemd[1]: systemd 229 running in system mode. (+PAM +AUDIT +SELINUX +IMA +APPARMOR +SMACK +SYSVINIT +UTMP +LIBCRYPTSETUP +GCRYPT +GNUTLS +ACL +XZ -LZ4 +SECCOMP +BLKID +ELFUTILS +KMOD -IDN)
[   19.567121] systemd[1]: Detected virtualization oracle.
[   19.574480] systemd[1]: Detected architecture x86-64.

Welcome to [1mUbuntu 16.04.3 LTS[0m!

[   19.606974] systemd[1]: Set hostname to <ubuntu>.
[   19.623821] systemd[1]: Initializing machine ID from random generator.
[   19.629244] systemd[1]: Installed transient /etc/machine-id file.
[   19.794485] systemd[1]: Listening on udev Control Socket.
[[0;32m  OK  [0m] Listening on udev Control Socket.
[   19.866417] systemd[1]: Listening on Journal Socket.
[[0;32m  OK  [0m] Listening on Journal Socket.
[   19.991907] systemd[1]: Listening on udev Kernel Socket.
[[0;32m  OK  [0m] Listening on udev Kernel Socket.
[   20.126364] systemd[1]: Started Trigger resolvconf update for networkd DNS.
[[0;32m  OK  [0m] Started Trigger resolvconf update for networkd DNS.
[   20.290849] systemd[1]: Created slice System Slice.
[[0;32m  OK  [0m] Created slice System Slice.
[   20.414493] systemd[1]: Starting Load Kernel Modules...
         Starting Load Ke[   20.454520] Loading iSCSI transport class v2.0-870.
rnel Modules...[   20.507806] iscsi: registered transport (tcp)

[   20.564998] systemd[1]: Starting Set console keymap...
         Starting Set console keymap...
[   20.622004] systemd[1]: Starting Create list of required static device nodes for the current kernel...
         Starting Create list of required st... nodes for the current kernel...
[   20.638806] systemd[1]: Starting Nameserver information manager...
[   20.669845] random: nonblocking pool is initialized
         Starting Nameser[   20.698057] iscsi: registered transport (iser)
ver information manager...
[   20.746232] systemd[1]: Listening on Journal Socket (/dev/log).
[[0;32m  OK  [0m] Listening on Journal Socket (/dev/log).
[   20.850298] systemd[1]: Mounting Debug File System...
         Mounting Debug File System...
[   20.902808] systemd[1]: Started Forward Password Requests to Wall Directory Watch.
[[0;32m  OK  [0m] Started Forward Password Requests to Wall Directory Watch.
[   21.067162] systemd[1]: Created slice system-serial\x2dgetty.slice.
[[0;32m  OK  [0m] Created slice system-serial\x2dgetty.slice.
[   21.126473] systemd[1]: Starting Remount Root and Kernel File Systems...
         [   21.181583] EXT4-fs (sda1): re-mounted. Opts: (null)
Starting Remount Root and Kernel File Systems...
[   21.211786] systemd[1]: Listening on /dev/initctl Compatibility Named Pipe.
[[0;32m  OK  [0m] Listening on /dev/initctl Compatibility Named Pipe.
[   21.216558] systemd[1]: Reached target User and Group Name Lookups.
[[0;32m  OK  [0m] Reached target User and Group Name Lookups.
[   21.250837] systemd[1]: Listening on Syslog Socket.
[[0;32m  OK  [0m] Listening on Syslog Socket.
[   21.378945] systemd[1]: Created slice User and Session Slice.
[[0;32m  OK  [0m] Created slice User and Session Slice.
[   21.554004] systemd[1]: Mounting POSIX Message Queue File System...
         Mounting POSIX Message Queue File System...
[   21.622477] systemd[1]: Listening on Journal Audit Socket.
[[0;32m  OK  [0m] Listening on Journal Audit Socket.
[   21.774581] systemd[1]: Listening on LVM2 poll daemon socket.
[[0;32m  OK  [0m] Listening on LVM2 poll daemon socket.
[   21.807092] systemd[1]: Listening on Device-mapper event daemon FIFOs.
[[0;32m  OK  [0m] Listening on Device-mapper event daemon FIFOs.
[   21.926431] systemd[1]: Reached target Encrypted Volumes.
[[0;32m  OK  [0m] Reached target Encrypted Volumes.
[   21.990639] systemd[1]: Starting Uncomplicated firewall...
         Starting Uncomplicated firewall...
[   22.086352] systemd[1]: Starting Journal Service...
         Starting Journal Service...
[   22.122602] systemd[1]: Listening on LVM2 metadata daemon socket.
[[0;32m  OK  [0m] Listening on LVM2 metadata daemon socket.
[   22.269918] systemd[1]: Starting Monitoring of LVM2 mirrors, snapshots etc. using dmeventd or progress polling...
         Starting Monitoring of LVM2 mirrors... dmeventd or progress polling...
[   22.390445] systemd[1]: Set up automount Arbitrary Executable File Formats File System Automount Point.
[[0;32m  OK  [0m] Set up automount Arbitrary Executab...ats File System Automount Point.
[   22.522238] systemd[1]: Reached target Slices.
[[0;32m  OK  [0m] Reached target Slices.
[   22.602519] systemd[1]: Reached target Swap.
[[0;32m  OK  [0m] Reached target Swap.
[   22.666643] systemd[1]: Mounting Huge Pages File System...
         Mounting Huge Pages File System...
[   22.739203] systemd[1]: Mounted Debug File System.
[[0;32m  OK  [0m] Mounted Debug File System.
[   22.786267] systemd[1]: Mounted Huge Pages File System.
[[0;32m  OK  [0m] Mounted Huge Pages File System.
[   22.846511] systemd[1]: Mounted POSIX Message Queue File System.
[[0;32m  OK  [0m] Mounted POSIX Message Queue File System.
[   22.946403] systemd[1]: Started Journal Service.
[[0;32m  OK  [0m] Started Journal Service.
[[0;32m  OK  [0m] Started Load Kernel Modules.
[[0;32m  OK  [0m] Started Set console keymap.
[[0;32m  OK  [0m] Started Create list of required sta...ce nodes for the current kernel.
[[0;32m  OK  [0m] Started Remount Root and Kernel File Systems.
[[0;32m  OK  [0m] Started Uncomplicated firewall.
[[0;32m  OK  [0m] Started Nameserver information manager.
[[0;32m  OK  [0m] Started LVM2 metadata daemon.
         Starting udev Coldplug all Devices...
         Starting Initial cloud-init job (pre-networking)...
         Starting Load/Save Random Seed...
         Starting Create Static Device Nodes in /dev...
         Mounting FUSE Control File System...
         Starting Apply Kernel Variables...
         Starting Flush Journal to Persistent Storage...
[[0;32m  OK  [0m] Mounted FUSE Control File System.
[[0;32m  OK  [0m] Started Monitoring of LVM2 mirrors,...ng dmeventd or progress polling.
[[0;32m  OK  [0m] Started Load/Save Random Seed.
[[0;32m  OK  [0m] Started Create Static Device Nodes in /dev.
[[0;32m  OK  [0m] Started Apply Kernel Variables.
[[0;32m  OK  [0m] Started udev Coldplug all Devices.
[[0;32m  OK  [0m] Started Flush Journal to Persistent Storage.
         Starting udev Kernel Device Manager...
[[0;32m  OK  [0m] Started udev Kernel Device Manager.
[[0;32m  OK  [0m] Started Dispatch Password Requests to Console Directory Watch.
[[0;32m  OK  [0m] Reached target Local File Systems (Pre).
[[0;32m  OK  [0m] Reached target Local File Systems.
         Starting LSB: AppArmor initialization...
         Starting Tell Plymouth To Write Out Runtime Data...
         Starting Create Volatile Files and Directories...
         Starting Set console font and keymap...
         Starting Commit a transient machine-id on disk...
[[0;32m  OK  [0m] Started Tell Plymouth To Write Out Runtime Data.
[[0;32m  OK  [0m] Started Create Volatile Files and Directories.
[[0;32m  OK  [0m] Started Commit a transient machine-id on disk.
[   18.323447] cloud-init[446]: Cloud-init v. 0.7.9 running 'init-local' at Wed, 18 Oct 2017 13:56:39 +0000. Up 17.85 seconds.
[[0;32m  OK  [0m] Started Initial cloud-init job (pre-networking).
[[0;32m  OK  [0m] Found device /dev/ttyS0.
[[0;32m  OK  [0m] Listening on Load/Save RF Kill Switch Status /dev/rfkill Watch.
[[0;32m  OK  [0m] Reached target Network (Pre).
[[0;32m  OK  [0m] Reached target System Time Synchronized.
         Starting Update UTMP about System Boot/Shutdown...
[[0;32m  OK  [0m] Started Set console font and keymap.
[[0;32m  OK  [0m] Started Update UTMP about System Boot/Shutdown.
[[0;32m  OK  [0m] Created slice system-getty.slice.
[[0;32m  OK  [0m] Started LSB: AppArmor initialization.
         Starting Raise network interfaces...
[[0;32m  OK  [0m] Started Raise network interfaces.
[[0;32m  OK  [0m] Reached target Network.
         Starting Initial cloud-init job (metadata service crawler)...
[   23.114992] cloud-init[946]: Cloud-init v. 0.7.9 running 'init' at Wed, 18 Oct 2017 13:56:43 +0000. Up 21.68 seconds.
[   23.145304] cloud-init[946]: ci-info: ++++++++++++++++++++++++++++++++++++++Net device info++++++++++++++++++++++++++++++++++++++
[   23.167412] cloud-init[946]: ci-info: +--------+-------+----------------------------+---------------+-------+-------------------+
[   23.189623] cloud-init[946]: ci-info: | Device |   Up  |          Address           |      Mask     | Scope |     Hw-Address    |
[   23.211043] cloud-init[946]: ci-info: +--------+-------+----------------------------+---------------+-------+-------------------+
[   23.252726] cloud-init[946]: ci-info: |   lo   |  True |         127.0.0.1          |   255.0.0.0   |   .   |         .         |
[[0;32m  OK  [0m] Started Initial cloud-init job (metadata service crawler).
[   23.253279] cloud-init[946]: ci-info: |   lo   |  True |          ::1/128           |       .       |  host |         .         |
[   23.293570] [[0;32m  OK  [0m] Reached target System Initialization.
cloud-init[946]: ci-info: | enp0s3 |  True |         10.0.2.15          | 255.255.255.0 |   .   | 02:14:68:3e:84:47 |
         [   23.325685] Starting Socket activation for snappy daemon.cloud-init
[946]: ci-info: | enp0s3 |  True | fe80::14:68ff:fe3e:8447/64 |       .       |  link | 02:14:68:3e:84:47 |
[[   23.379927] cloud-init[946]: ci-info: | enp0s8 | False |             .              |       .       |   .   | 08:00:27:72:10:20 |
[   23.380653] cloud-init[946]: ci-info: +--------+-------+----------------------------+---------------+-------+-------------------+
[   23.381190] cloud-init[946]: ci-info: +++++++++++++++++++++++++++Route IPv4 info++++++++++++++++++++++++++++
[   23.381399] cloud-init[946]: ci-info: +-------+-------------+----------+---------------+-----------+-------+
[0;32m  OK  [0m] Started Daily Cleanup of Temporary Directories.
[[   23.381715] cloud-init[946]: ci-info: | Route | Destination | Gateway  |    Genmask    | Interface | Flags |
[   23.507447] cloud-init[946]: ci-info: +-------+-------------+----------+---------------+-----------+-------+
[   23.507643] cloud-init[946]: ci-info: |   0   |   0.0.0.0   | 10.0.2.2 |    0.0.0.0    |   enp0s3  |   UG  |
[   23.507874] cloud-init[946]: ci-info: |   1   |   10.0.2.0  | 0.0.0.0  | 255.255.255.0 |   enp0s3  |   U   |
[   23.508353] cloud-init[946]: ci-info: +-------+-------------+----------+---------------+-----------+-------+
[   23.508579] cloud-init[946]: Generating public/private rsa key pair.
[   23.508814] cloud-init[946]: Your identification has been saved in /etc/ssh/ssh_host_rsa_key.
[0;32m  OK  [0m] Started Timer to automatically refresh installed snaps.
[   23.509056] cloud-init[946]: Your public key has been saved in /etc/ssh/ssh_host_rsa_key.pub.
[[0;32m  OK  [0m] Listening on UUID daemon activation socket.
[   23.707925] cloud-init[946]: The key fingerprint is:
[   23.768480] cloud-init[946]: SHA256:wjfqJC37lgq+lYgt82KJj1XAKVSsvZvQKp/gewgzAy8 root@ubuntu-xenial
[   23.769022] cloud-init[946]: The key's randomart image is:
[[0;32m  OK  [0m] Started ACPI Events Check.
[   23.769222] cloud-init[946]: +---[RSA 2048]----+
[[0;32m  OK  [0m] Reached target Paths.
[[   23.812653] cloud-init[946]: | .o.             |
[   23.857749] cloud-init[946]: |.. o             |
[0;32m  OK  [0m] Listening on ACPID Listen Socket.
[[   23.857950] cloud-init[946]: |. *              |
[   23.925422] cloud-init[946]: |.o o .           |
[0;32m  OK  [0m] Listening on D-Bus System Message Bus Socket.
[   23.925713] cloud-init[946]: |... o o S        |
[   23.976487] cloud-init[946]: |E+.= o + .       |
[   23.976906] cloud-init[946]: |B=X B +.         |
         Starting LXD - unix socket.
[[   23.977138] cloud-init[946]: |=& B *o          |
[   24.021241] cloud-init[946]: |+*X.o+o          |
[0;32m  OK  [0m] Started Timer to automatically fetch and run repair assertions.
[[   24.021601] cloud-init[946]: +----[SHA256]-----+
[   24.106432] cloud-init[946]: Generating public/private dsa key pair.
[   24.106662] cloud-init[946]: Your identification has been saved in /etc/ssh/ssh_host_dsa_key.
[   24.106891] cloud-init[946]: Your public key has been saved in /etc/ssh/ssh_host_dsa_key.pub.
[   24.108491] cloud-init[946]: The key fingerprint is:
[   24.108967] cloud-init[946]: SHA256:yCwrXtQYkBj2xw8ab3zYGQnBvQmc5d60hQsaerobV6w root@ubuntu-xenial
[   24.109184] cloud-init[946]: The key's randomart image is:
[0;32m  OK  [0m] Reached target Cloud-config availability.
[[   24.109436] cloud-init[946]: +---[DSA 1024]----+
[   24.325382] cloud-init[946]: |.+..oo=.         |
[   24.325570] cloud-init[946]: |o o..=o.. .      |
[   24.325812] cloud-init[946]: |   o.=.=oo .     |
[   24.326053] cloud-init[946]: |    B*X+* +      |
[   24.326289] cloud-init[946]: |   o+B=OS+       |
[   24.326521] cloud-init[946]: |   .+o+          |
[0;32m  OK  [0m] Reached target Network is Online.
[[   24.326758] cloud-init[946]: |  .ooE           |
[   24.437766] cloud-init[946]: | . o+            |
[   24.438160] cloud-init[946]: |  .o.            |
[0;32m  OK  [0m] Started Daily apt download activities.
[   24.439573] cloud-init[946]: +----[SHA256]-----+
[   24.501203] cloud-init[946]: Generating public/private ecdsa key pair.
[[0;32m  OK  [0m] Started Daily apt upgrade and clean activities.
[[   24.501355] cloud-init[946]: Your identification has been saved in /etc/ssh/ssh_host_ecdsa_key.
[   24.577366] cloud-init[946]: Your public key has been saved in /etc/ssh/ssh_host_ecdsa_key.pub.
[   24.577581] cloud-init[946]: The key fingerprint is:
[   24.577824] cloud-init[946]: SHA256:ALi08MSXur4jdDLfiuTtoqezGboiPVr828L/IOnIyhM root@ubuntu-xenial
[   24.578066] cloud-init[946]: The key's randomart image is:
[   24.578305] cloud-init[946]: +---[ECDSA 256]---+
[   24.578553] cloud-init[946]: | . ...           |
[   24.578795] cloud-init[946]: |. = o.           |
[   24.579053] cloud-init[946]: | = =  .          |
[   24.579286] cloud-init[946]: |  =    .         |
[   24.579526] cloud-init[946]: |   .    S        |
[   24.579768] cloud-init[946]: | E.. .           |
[   24.580014] cloud-init[946]: |o+O.+ .          |
[0;32m  OK  [0m] Reached target Timers.
[   24.580299] cloud-init[946]: |XBO=o+ .         |
[   24.944583] cloud-init[946]: |&&BB=+o..        |
         [   24.945108] Starting iSCSI initiator daemon (iscsid)...cloud-init[946]: +----[SHA256]-----+

[   24.945449] cloud-init[946]: Generating public/private ed25519 key pair.
[   25.020557] cloud-init[946]: Your identification has been saved in /etc/ssh/ssh_host_ed25519_key.
[   25.021008] cloud-init[946]: Your public key has been saved in /etc/ssh/ssh_host_ed25519_key.pub.
[[0;32m  OK  [0m] Listening on Socket activation for snappy daemon.
[   25.021224] cloud-init[946]: The key fingerprint is:
[   25.137438] cloud-init[946]: SHA256:gXuXLszE6ZFp/YpG0XwFKSEZEZcjdzlt/zVGN7yBGhk root@ubuntu-xenial
[[0;32m  OK  [0m] Listening on LXD - unix socket.
[   25.137657] cloud-init[946]: The key's randomart image is:
[   25.300710] cloud-init[946]: +--[ED25519 256]--+
[   25.321138] cloud-init[946]: |        ==oE+=o  |
[   25.348680] cloud-init[946]: |       .oo=o=.+=.|
[   25.372615] cloud-init[946]: |      . .= +o+..=|
[   25.404734] cloud-init[946]: |       o.*oo.  +o|
[   25.432842] cloud-init[946]: |      . S.+.  . +|
[   25.433679] cloud-init[946]: |       B.+ .    .|
[   25.433764] cloud-init[946]: |       .= . .    |
[   25.433862] cloud-init[946]: |        .o .     |
[   25.433998] cloud-init[946]: |       .. .      |
[   25.434074] cloud-init[946]: +----[SHA256]-----+
[[0;32m  OK  [0m] Started iSCSI initiator daemon (iscsid).
         Starting Login to default iSCSI targets...
[[0;32m  OK  [0m] Reached target Sockets.
[[0;32m  OK  [0m] Reached target Basic System.
         Starting System Logging Service...
         Starting /etc/rc.local Compatibility...
         Starting Accounts Service...
         Starting LSB: Record successful boot for GRUB...
         Starting Pollinate to seed the pseudo random number generator...
[[0;32m  OK  [0m] Started Regular background program processing daemon.
         Starting Apply the settings specified in cloud-config...
         Starting LSB: MD monitoring daemon...
         Starting Login Service...
[[0;32m  OK  [0m] Started Deferred execution scheduler.
[[0;32m  OK  [0m] Started D-Bus System Message Bus.
[[0;32m  OK  [0m] Started Unattended Upgrades Shutdown.
[[0;32m  OK  [0m] Started FUSE filesystem for LXC.
         Starting LXD - container startup/shutdown...
[[0;32m  OK  [0m] Started ACPI event daemon.
         Starting Snappy daemon...
[[0;32m  OK  [0m] Started System Logging Service.
[[0;32m  OK  [0m] Started /etc/rc.local Compatibility.
[[0;32m  OK  [0m] Started Pollinate to seed the pseudo random number generator.
[[0;32m  OK  [0m] Started LSB: Record successful boot for GRUB.
[[0;32m  OK  [0m] Started LXD - container startup/shutdown.
[[0;32m  OK  [0m] Started Snappy daemon.
[[0;32m  OK  [0m] Started Login to default iSCSI targets.
[[0;32m  OK  [0m] Started LSB: MD monitoring daemon.
[[0;32m  OK  [0m] Started Login Service.
         Starting Authenticate and Authorize Users to Run Privileged Tasks...
[[0;32m  OK  [0m] Reached target Remote File Systems (Pre).
[[0;32m  OK  [0m] Reached target Remote File Systems.
         Starting Permit User Sessions...
         Starting LSB: VirtualBox Linux Additions...
         Starting LSB: Set the CPU Frequency Scaling governor to "ondemand"...
         Starting LSB: automatic crash report generation...
         Starting LSB: daemon to balance interrupts for SMP systems...
         Starting Auto import assertions from block devices...
         Starting OpenBSD Secure Shell server...
[[0;32m  OK  [0m] Started Permit User Sessions.
[[0;32m  OK  [0m] Started Authenticate and Authorize Users to Run Privileged Tasks.
[[0;32m  OK  [0m] Started OpenBSD Secure Shell server.
[[0;32m  OK  [0m] Started Auto import assertions from block devices.
[[0;32m  OK  [0m] Started Accounts Service.
[[0;32m  OK  [0m] Started LSB: Set the CPU Frequency Scaling governor to "ondemand".
[[0;32m  OK  [0m] Started LSB: automatic crash report generation.
         Starting Hold until boot process finishes up...
         Starting Terminate Plymouth Boot Screen...
[[0;32m  OK  [0m] Started LSB: daemon to balance interrupts for SMP systems.
[[0;32m  OK  [0m] Started Hold until boot process finishes up.
[[0;32m  OK  [0m] Started Terminate Plymouth Boot Screen.
[[0;32m  OK  [0m] Started LSB: VirtualBox Linux Additions.
         Starting Set console scheme...
[[0;32m  OK  [0m] Started Getty on tty1.
[[0;32m  OK  [0m] Started Serial Getty on ttyS0.
[[0;32m  OK  [0m] Reached target Login Prompts.
[[0;32m  OK  [0m] Reached target Multi-User System.
[[0;32m  OK  [0m] Reached target Graphical Interface.
[   27.531076] cloud-init[1092]: Generating locales (this might take a while)...
         Starting Update UTMP about System Runlevel Changes...
[[0;32m  OK  [0m] Started Set console scheme.
[[0;32m  OK  [0m] Started Update UTMP about System Runlevel Changes.
[   28.934542] cloud-init[1092]:   en_US.UTF-8... done
[   28.949550] cloud-init[1092]: Generation complete.
         Stopping OpenBSD Secure Shell server...
[[0;32m  OK  [0m] Stopped OpenBSD Secure Shell server.
         Starting OpenBSD Secure Shell server...
[[0;32m  OK  [0m] Started OpenBSD Secure Shell server.
[[0;32m  OK  [0m] Created slice User Slice of ubuntu.
         Starting User Manager for UID 1000...
[[0;32m  OK  [0m] Started Session 1 of user ubuntu.
[[0;32m  OK  [0m] Started User Manager for UID 1000.
[   29.619843] cloud-init[1092]: Cloud-init v. 0.7.9 running 'modules:config' at Wed, 18 Oct 2017 13:56:49 +0000. Up 27.12 seconds.
[[0;32m  OK  [0m] Started Apply the settings specified in cloud-config.
         Starting Execute cloud user/final scripts...
ci-info: no authorized ssh keys fingerprints found for user ubuntu.
<14>Oct 18 13:56:52 ec2: 
<14>Oct 18 13:56:52 ec2: #############################################################
<14>Oct 18 13:56:52 ec2: -----BEGIN SSH HOST KEY FINGERPRINTS-----
<14>Oct 18 13:56:52 ec2: 1024 SHA256:yCwrXtQYkBj2xw8ab3zYGQnBvQmc5d60hQsaerobV6w root@ubuntu-xenial (DSA)
<14>Oct 18 13:56:52 ec2: 256 SHA256:ALi08MSXur4jdDLfiuTtoqezGboiPVr828L/IOnIyhM root@ubuntu-xenial (ECDSA)
<14>Oct 18 13:56:52 ec2: 256 SHA256:gXuXLszE6ZFp/YpG0XwFKSEZEZcjdzlt/zVGN7yBGhk root@ubuntu-xenial (ED25519)
<14>Oct 18 13:56:52 ec2: 2048 SHA256:wjfqJC37lgq+lYgt82KJj1XAKVSsvZvQKp/gewgzAy8 root@ubuntu-xenial (RSA)
<14>Oct 18 13:56:52 ec2: -----END SSH HOST KEY FINGERPRINTS-----
<14>Oct 18 13:56:52 ec2: #############################################################
-----BEGIN SSH HOST KEY KEYS-----
ecdsa-sha2-nistp256 AAAAE2VjZHNhLXNoYTItbmlzdHAyNTYAAAAIbmlzdHAyNTYAAABBBEkRO1B9zVgun4ZYL3zez3KWHMzyCC5HG5wPA/BACirNlA4+/eOrNwTnfnThXAkmX/CaL1YTEMa2oKJYI1pohVw= root@ubuntu-xenial
ssh-ed25519 AAAAC3NzaC1lZDI1NTE5AAAAIKL+cj3thc+XUiJm+DcbRqeybTE/9dNri6esdyDbQ9MR root@ubuntu-xenial
ssh-rsa AAAAB3NzaC1yc2EAAAADAQABAAABAQDEJO6GIpTGHVUxbfRA0yafQZ1QrapD+U+obyWcCL1Kw++p53RUTgCBEDfnUYlO/2ZzQtDgLhBZH9FRyo+RE4I5x4D/UvF4HoI6EB3U3oyxsKJqs0hz8qwAC7VHvIi/qhibbcjl9O8FLQ0uY9e05X9+radb0pfGbfIy8JDWxuhk9Sx/iPTKc7xKDHmd0taiEjBzNhnN2Nsw87Y8z2TkrpAMC2TT95twjM7TZKoVGApKBhMK9L6RIL7PBQSW4vB7nTsa/dQ+FkMpC1e17258MUEPaH8ZUtcx7X5wnwqCDCPYDBqF+IQJEDs2FYbVkaxBllT1NVRjNT9JUwJsnYCJRODr root@ubuntu-xenial
-----END SSH HOST KEY KEYS-----
[   30.746463] cloud-init[1395]: Cloud-init v. 0.7.9 running 'modules:final' at Wed, 18 Oct 2017 13:56:52 +0000. Up 30.28 seconds.
[   30.783131] cloud-init[1395]: ci-info: no authorized ssh keys fingerprints found for user ubuntu.
[   30.788016] cloud-init[1395]: Cloud-init v. 0.7.9 finished at Wed, 18 Oct 2017 13:56:52 +0000. Datasource DataSourceNoCloud [seed=/dev/sdb][dsmode=net].  Up 30.73 seconds
[[0;32m  OK  [0m] Started Execute cloud user/final scripts.
[[0;32m  OK  [0m] Reached target Cloud-init target.

Ubuntu 16.04.3 LTS ubuntu-xenial ttyS0

ubuntu-xenial login: 